GROUP,PACKAGE,CLASS,INSTRUCTION_MISSED,INSTRUCTION_COVERED,BRANCH_MISSED,BRANCH_COVERED,LINE_MISSED,LINE_COVERED,COMPLEXITY_MISSED,COMPLEXITY_COVERED,METHOD_MISSED,METHOD_COVERED
pensionerDisbursementMicroservice,com.pensionerDisbursementMicroservice.Exception,GlobalExceptionHandler,13,61,0,0,1,13,1,3,1,3
pensionerDisbursementMicroservice,com.pensionerDisbursementMicroservice.Exception,PensionerDetailNotFoundException,0,4,0,0,0,2,0,1,0,1
pensionerDisbursementMicroservice,com.pensionerDisbursementMicroservice,PensionerDisbursmentMicroserviceApplication,0,8,0,0,0,3,0,2,0,2
pensionerDisbursementMicroservice,com.pensionerDisbursementMicroservice.controller,PensionDisbursementController,0,16,0,0,0,4,0,3,0,3
pensionerDisbursementMicroservice,com.pensionerDisbursementMicroservice.service,Constants,3,0,0,0,1,0,1,0,1,0
pensionerDisbursementMicroservice,com.pensionerDisbursementMicroservice.service,ConstantsConfig,3,0,0,0,1,0,1,0,1,0
pensionerDisbursementMicroservice,com.pensionerDisbursementMicroservice.service,PensionDisbursmentServiceImpl,92,62,2,8,16,14,2,7,1,3
pensionerDisbursementMicroservice,com.pensionerDisbursementMicroservice.config,SwaggerConfig,0,24,0,0,0,8,0,3,0,3
pensionerDisbursementMicroservice,com.pensionerDisbursementMicroservice.config,MessageBundleConfig,0,25,0,0,0,8,0,3,0,3
pensionerDisbursementMicroservice,com.pensionerDisbursementMicroservice.config,DetailsConfig,3,0,0,0,1,0,1,0,1,0
pensionerDisbursementMicroservice,com.pensionerDisbursementMicroservice.Model,ProcessPensionResponse,0,16,0,0,0,8,0,4,0,4
pensionerDisbursementMicroservice,com.pensionerDisbursementMicroservice.Model,CustomErrorResponse,12,34,0,0,4,16,4,6,4,6
pensionerDisbursementMicroservice,com.pensionerDisbursementMicroservice.Model,ProcessPensionInput,3,33,0,0,1,15,1,7,1,7
pensionerDisbursementMicroservice,com.pensionerDisbursementMicroservice.Model,Bank,6,30,0,0,2,14,2,6,2,6
pensionerDisbursementMicroservice,com.pensionerDisbursementMicroservice.Model,PensionerDetail,13,63,0,0,5,27,4,12,4,12
