<?xml version="1.0" encoding="UTF-8"?>
<testsuite xmlns:xsi="http://www.w3.org/2001/XMLSchema-instance" xsi:noNamespaceSchemaLocation="https://maven.apache.org/surefire/maven-surefire-plugin/xsd/surefire-test-report.xsd" name="com.pensionerDisbursmentMicroservice.exception.GlobalExceptionHandlerTests" time="6.252" tests="2" errors="0" skipped="0" failures="0">
  <properties>
[...]
</properties>
  <testcase name="handlesPensionerDetailNotFoundExceptionTest" classname="com.pensionerDisbursmentMicroservice.exception.GlobalExceptionHandlerTests" time="0.1"/>
  <testcase name="handlesExceptionTest" classname="com.pensionerDisbursmentMicroservice.exception.GlobalExceptionHandlerTests" time="0.041"/>
</testsuite>